<?xml version="1.0" encoding="UTF-8"?>
<!-- Generated by org.testng.reporters.JUnitReportReporter -->
<testsuite skipped="0" hostname="DESKTOP-AP81D4H" name="Learning.framwork.LoginTest" tests="1" failures="0" timestamp="06 Apr 2020 07:55:28 GMT" time="123.991" errors="0">
  <testcase name="loginTest" time="123.991" classname="Learning.framwork.LoginTest"/>
</testsuite> <!-- Learning.framwork.LoginTest -->
