<?xml version="1.0" encoding="UTF-8"?>
<!-- Generated by org.testng.reporters.JUnitReportReporter -->
<testsuite skipped="0" hostname="DESKTOP-AP81D4H" name="Learning.framwork.RegisterTest" tests="1" failures="0" timestamp="03 Apr 2020 06:06:41 GMT" time="11.862" errors="0">
  <testcase name="testRegistration" time="11.862" classname="Learning.framwork.RegisterTest"/>
</testsuite> <!-- Learning.framwork.RegisterTest -->
