<?xml version="1.0" encoding="UTF-8"?>
<!-- Generated by org.testng.reporters.JUnitReportReporter -->
<testsuite skipped="1" hostname="DESKTOP-AP81D4H" name="Learning.framwork.TestLoginCredentials" tests="1" failures="0" timestamp="31 Mar 2020 19:40:48 GMT" time="0.000" errors="0">
  <testcase name="loginTest" time="0.000" classname="Learning.framwork.TestLoginCredentials">
    <skipped/>
  </testcase> <!-- loginTest -->
</testsuite> <!-- Learning.framwork.TestLoginCredentials -->
