<?xml version="1.0" encoding="UTF-8"?>
<!-- Generated by org.testng.reporters.JUnitReportReporter -->
<testsuite skipped="0" hostname="DESKTOP-AP81D4H" name="Learning.framwork.LoginTest" tests="2" failures="0" timestamp="2020-04-03T10:25:01 IST" time="15.238" errors="0">
  <testcase name="loginTest" time="0.601" classname="Learning.framwork.LoginTest"/>
  <system-out/>
  <testcase name="loginTest" time="14.637" classname="Learning.framwork.LoginTest"/>
  <system-out/>
</testsuite> <!-- Learning.framwork.LoginTest -->
